<?xml version="1.0" encoding="UTF-8"?>
<testng-results skipped="0" failed="0" total="2" passed="2">
  <reporter-output>
  </reporter-output>
  <suite name="Default suite" duration-ms="69742" started-at="2016-02-10T22:31:32Z" finished-at="2016-02-10T22:32:42Z">
    <groups>
    </groups>
    <test name="Default test" duration-ms="69742" started-at="2016-02-10T22:31:32Z" finished-at="2016-02-10T22:32:42Z">
      <class name="TestCases.AmazonTest">
        <test-method status="PASS" signature="beforeclass()[pri:0, instance:TestCases.AmazonTest@66ea810]" name="beforeclass" is-config="true" duration-ms="31802" started-at="2016-02-10T17:31:32Z" finished-at="2016-02-10T17:32:04Z">
          <reporter-output>
          </reporter-output>
        </test-method> <!-- beforeclass -->
        <test-method status="PASS" signature="Login()[pri:0, instance:TestCases.AmazonTest@66ea810]" name="Login" duration-ms="9888" started-at="2016-02-10T17:32:04Z" finished-at="2016-02-10T17:32:14Z">
          <reporter-output>
          </reporter-output>
        </test-method> <!-- Login -->
        <test-method status="PASS" signature="SearchBox()[pri:0, instance:TestCases.AmazonTest@66ea810]" name="SearchBox" duration-ms="21882" started-at="2016-02-10T17:32:14Z" finished-at="2016-02-10T17:32:35Z">
          <reporter-output>
          </reporter-output>
        </test-method> <!-- SearchBox -->
        <test-method status="PASS" signature="afterclass()[pri:0, instance:TestCases.AmazonTest@66ea810]" name="afterclass" is-config="true" duration-ms="6131" started-at="2016-02-10T17:32:35Z" finished-at="2016-02-10T17:32:42Z">
          <reporter-output>
          </reporter-output>
        </test-method> <!-- afterclass -->
      </class> <!-- TestCases.AmazonTest -->
    </test> <!-- Default test -->
  </suite> <!-- Default suite -->
</testng-results>
